#################################################
workspace
├── README.md
├── figures
│   ├── PyFluxconserving.png
│   └── PyFluxconserving_.png
├── src
│   ├── fortran
│   │   ├── LINinterpol.f90
│   │   ├── LINdexerpol.cpython-311-darwin.so
│   │   ├── FluxConSpec.cpython-310-x86_64-linux-gnu.so
│   │   ├── SPLINE3DFor.cpython-39-darwin.so
│   │   ├── LINdexerpol.cpython-38-x86_64-linux-gnu.so
│   │   ├── AkimaSpline.cpython-311-darwin.so
│   │   ├── SPLINE3DFor.compile
│   │   ├── SPLINE1DArr.cpython-39-darwin.so
│   │   ├── SPLINE1DFlt.cpython-39-darwin.so
│   │   ├── FluxConSpec.compile
│   │   ├── FluxConSpec.cpython-39-darwin.so
│   │   ├── AkimaSpline.cpython-39-darwin.so
│   │   ├── SPLINE3DFor.cpython-310-darwin.so
│   │   ├── SPLINE1DFlt.cpython-38-x86_64-linux-gnu.so
│   │   ├── SPLINE1DArr.compile
│   │   ├── SPLINE1DFlt.cpython-39-x86_64-linux-gnu.so
│   │   ├── SPLINE3DFor.cpython-310-x86_64-linux-gnu.so
│   │   ├── FluxConSpec.cpython-39-x86_64-linux-gnu.so
│   │   ├── Interpolado.cpython-310-x86_64-linux-gnu.so
│   │   ├── Interpolado.cpython-38-x86_64-linux-gnu.so
│   │   ├── Interpolado.compile
│   │   ├── SPLINE3DFor.cpython-39-x86_64-linux-gnu.so
│   │   ├── SPLINE1DFlt.f90
│   │   ├── FluxConSpec.cpython-311-darwin.so
│   │   ├── FluxConSpec.cpython-38-x86_64-linux-gnu.so
│   │   ├── SPLINE3DFor.cpython-311-darwin.so
│   │   ├── SPLINE3DFor.cpython-38-x86_64-linux-gnu.so
│   │   ├── LINinterpol.cpython-311-darwin.so
│   │   ├── AkimaSpline.cpython-310-darwin.so
│   │   ├── LINinterpol.cpython-310-darwin.so
│   │   ├── LINdexerpol.cpython-39-darwin.so
│   │   ├── SPLINE1DFlt.cpython-311-darwin.so
│   │   ├── LINdexerpol.cpython-39-x86_64-linux-gnu.so
│   │   ├── README.txt
│   │   ├── LINinterpol.compile
│   │   ├── LINinterpol.cpython-39-darwin.so
│   │   ├── AkimaSpline.f90
│   │   ├── SPLINE3DFor.f90
│   │   ├── LINinterpol.cpython-310-x86_64-linux-gnu.so
│   │   ├── LINdexerpol.compile
│   │   ├── Interpolado.f90
│   │   ├── SPLINE1DFlt.compile
│   │   ├── LINdexerpol.f90
│   │   ├── SPLINE1DArr.cpython-311-darwin.so
│   │   ├── AkimaSpline.compile
│   │   ├── FluxConSpec.cpython-310-darwin.so
│   │   ├── SPLINE1DFlt.cpython-310-x86_64-linux-gnu.so
│   │   ├── LINinterpol.cpython-311-x86_64-linux-gnu.so
│   │   ├── SPLINE1DArr.cpython-310-darwin.so
│   │   ├── LINdexerpol.cpython-310-darwin.so
│   │   ├── DataTypes.f90
│   │   ├── SPLINE1DFlt.cpython-310-darwin.so
│   │   ├── SPLINE1DArr.f90
│   │   ├── Interpolado.cpython-39-x86_64-linux-gnu.so
│   │   ├── FluxConSpec.f90
│   │   └── LINdexerpol.cpython-310-x86_64-linux-gnu.so
│   └── python
│       ├── PyFluxConSpec.py
│       ├── PyInterpolado.py
│       ├── PyAkimaSpline.py
│       ├── PySPLINE3DFor.py
│       ├── PyLINdexerpol.py
│       ├── PyLINinterpol.py
│       ├── califa_cmap_alternative.py
│       ├── fluxconserve.py
│       ├── __init__.py
│       ├── fluxconserving.png
│       ├── PySPLINE1DArr.py
│       └── PyLinear__int.py
├── tutorials
│   ├── PyFluxconserving Example.ipynb
│   ├── .virtual_documents
│   │   └── PyFluxconserving Example.ipynb
│   └── .ipynb_checkpoints
│       ├── PyFluxconserving Example-checkpoint.ipynb
│       └── pyfluxconserving Example-checkpoint.ipynb
├── tree.out
├── LICENSE.txt
├── showdown.min.js
├── requirements.txt
├── dist
│   └── PyFluxconserving-0.0.15.tar.gz
├── index.html
├── version.txt
├── pyfluxconserving
│   └── meta.yaml
├── scripts
│   └── update_readme.py
├── .github
│   └── workflows
│       ├── main.yml~
│       ├── main.yml
│       └── pylint.yml
├── PyFluxconserving.egg-info
│   ├── top_level.txt
│   ├── dependency_links.txt
│   ├── requires.txt
│   ├── PKG-INFO
│   └── SOURCES.txt
├── setup.py
├── .git
│   ├── objects
│   │   ├── info
│   │   └── pack
│   │       ├── pack-ce28ec2b1cd67bac54f8fada5df42f7ac3fec1c1.idx
│   │       ├── pack-ce28ec2b1cd67bac54f8fada5df42f7ac3fec1c1.rev
│   │       └── pack-ce28ec2b1cd67bac54f8fada5df42f7ac3fec1c1.pack
│   ├── info
│   │   └── exclude
│   ├── HEAD
│   ├── FETCH_HEAD
│   ├── refs
│   │   ├── heads
│   │   │   └── main
│   │   ├── remotes
│   │   │   └── origin
│   │   │       └── main
│   │   └── tags
│   ├── shallow
│   ├── branches
│   ├── index
│   ├── logs
│   │   ├── HEAD
│   │   └── refs
│   │       ├── heads
│   │       │   └── main
│   │       └── remotes
│   │           └── origin
│   │               └── main
│   ├── description
│   ├── hooks
│   │   ├── pre-rebase.sample
│   │   ├── pre-commit.sample
│   │   ├── sendemail-validate.sample
│   │   ├── pre-receive.sample
│   │   ├── update.sample
│   │   ├── commit-msg.sample
│   │   ├── prepare-commit-msg.sample
│   │   ├── fsmonitor-watchman.sample
│   │   ├── applypatch-msg.sample
│   │   ├── pre-push.sample
│   │   ├── pre-merge-commit.sample
│   │   ├── post-update.sample
│   │   ├── pre-applypatch.sample
│   │   └── push-to-checkout.sample
│   └── config
├── PyFluxconserving
│   ├── linux-aarch64
│   │   └── pyfluxconserving-0.0.14-py39_0.tar.bz2
│   ├── linux-armv6l
│   │   └── pyfluxconserving-0.0.14-py39_0.tar.bz2
│   ├── linux-s390x
│   │   └── pyfluxconserving-0.0.14-py39_0.tar.bz2
│   ├── meta.yaml
│   ├── win-arm64
│   │   └── pyfluxconserving-0.0.14-py39_0.tar.bz2
│   ├── linux-32
│   │   └── pyfluxconserving-0.0.14-py39_0.tar.bz2
│   ├── linux-64
│   │   └── pyfluxconserving-0.0.14-py39_0.tar.bz2
│   ├── win-32
│   │   └── pyfluxconserving-0.0.14-py39_0.tar.bz2
│   ├── PyFluxconserving-0.0.14.tar.gz
│   ├── README.txt
│   ├── linux-armv7l
│   │   └── pyfluxconserving-0.0.14-py39_0.tar.bz2
│   ├── linux-ppc64
│   │   └── pyfluxconserving-0.0.14-py39_0.tar.bz2
│   ├── linux-ppc64le
│   │   └── pyfluxconserving-0.0.14-py39_0.tar.bz2
│   ├── win-64
│   │   └── pyfluxconserving-0.0.14-py39_0.tar.bz2
│   ├── osx-arm64
│   │   └── pyfluxconserving-0.0.14-py39_0.tar.bz2
│   └── osx-64
│       └── pyfluxconserving-0.0.14-py39_0.tar.bz2
└── build
    ├── lib.linux-x86_64-cpython-39
    │   ├── pyfluxconserving
    │   │   ├── PyFluxConSpec.py
    │   │   ├── PyInterpolado.py
    │   │   ├── flib.cpython-39-x86_64-linux-gnu.so
    │   │   ├── PyAkimaSpline.py
    │   │   ├── PySPLINE3DFor.py
    │   │   ├── PyLINdexerpol.py
    │   │   ├── PyLINinterpol.py
    │   │   ├── califa_cmap_alternative.py
    │   │   ├── fluxconserve.py
    │   │   ├── __init__.py
    │   │   ├── PySPLINE1DArr.py
    │   │   └── PyLinear__int.py
    │   └── PyFluxconserving
    │       ├── PyFluxConSpec.py
    │       ├── PyInterpolado.py
    │       ├── flib.cpython-39-x86_64-linux-gnu.so
    │       ├── PyAkimaSpline.py
    │       ├── PySPLINE3DFor.py
    │       ├── PyLINdexerpol.py
    │       ├── PyLINinterpol.py
    │       ├── califa_cmap_alternative.py
    │       ├── fluxconserve.py
    │       ├── __init__.py
    │       ├── PySPLINE1DArr.py
    │       └── PyLinear__int.py
    ├── src.linux-x86_64-3.9
    │   ├── numpy
    │   │   └── distutils
    │   │       └── include
    │   │           └── npy_cpu_dispatch_config.h
    │   ├── pyfluxconserving
    │   │   ├── flib-f2pywrappers2.f90
    │   │   ├── flibmodule.c
    │   │   └── flib-f2pywrappers.f
    │   ├── PyFluxconserving
    │   │   ├── flib-f2pywrappers2.f90
    │   │   ├── flibmodule.c
    │   │   └── flib-f2pywrappers.f
    │   └── build
    │       └── src.linux-x86_64-3.9
    │           ├── pyfluxconserving
    │           │   ├── fortranobject.c
    │           │   └── fortranobject.h
    │           └── PyFluxconserving
    │               ├── fortranobject.c
    │               └── fortranobject.h
    └── temp.linux-x86_64-cpython-39
        ├── src
        │   └── fortran
        │       ├── LINinterpol.o
        │       ├── SPLINE1DArr.o
        │       ├── FluxConSpec.o
        │       ├── Interpolado.o
        │       ├── AkimaSpline.o
        │       ├── DataTypes.o
        │       ├── LINdexerpol.o
        │       └── SPLINE3DFor.o
        ├── __pycache__
        │   └── ccompiler_opt_cache_ext.cpython-39.pyc
        ├── ccompiler_opt_cache_ext.py
        ├── pyfluxconserving
        │   └── moddatatype.mod
        ├── PyFluxconserving
        │   └── moddatatype.mod
        └── build
            └── src.linux-x86_64-3.9
                ├── pyfluxconserving
                │   ├── flibmodule.o
                │   ├── flibmodule.o.d
                │   ├── flib-f2pywrappers.o
                │   └── flib-f2pywrappers2.o
                ├── PyFluxconserving
                │   ├── flibmodule.o
                │   ├── flibmodule.o.d
                │   ├── flib-f2pywrappers.o
                │   └── flib-f2pywrappers2.o
                └── build
                    └── src.linux-x86_64-3.9
                        ├── pyfluxconserving
                        │   ├── fortranobject.o.d
                        │   └── fortranobject.o
                        └── PyFluxconserving
                            ├── fortranobject.o.d
                            └── fortranobject.o

72 directories (0 symlink), 197 files (1 symlink)
#################################################
Generated: treehue_colored @2024 - © Jean Gomes -
#################################################
